Determining if the pthread_create exist failed with the following output:
Change Dir: /home/ubuntu/catkin_ws/build/CMakeFiles/CMakeTmp

Run Build Command:"/usr/bin/make" "cmTC_b99dd/fast"
/usr/bin/make -f CMakeFiles/cmTC_b99dd.dir/build.make CMakeFiles/cmTC_b99dd.dir/build
make[1]: Entering directory '/home/ubuntu/catkin_ws/build/CMakeFiles/CMakeTmp'
Building C object CMakeFiles/cmTC_b99dd.dir/CheckSymbolExists.c.o
/usr/bin/cc    -o CMakeFiles/cmTC_b99dd.dir/CheckSymbolExists.c.o   -c /home/ubuntu/catkin_ws/build/CMakeFiles/CMakeTmp/CheckSymbolExists.c
Linking C executable cmTC_b99dd
/usr/bin/cmake -E cmake_link_script CMakeFiles/cmTC_b99dd.dir/link.txt --verbose=1
/usr/bin/cc      -rdynamic CMakeFiles/cmTC_b99dd.dir/CheckSymbolExists.c.o  -o cmTC_b99dd 
CMakeFiles/cmTC_b99dd.dir/CheckSymbolExists.c.o: In function `main':
CheckSymbolExists.c:(.text+0x1b): undefined reference to `pthread_create'
collect2: error: ld returned 1 exit status
CMakeFiles/cmTC_b99dd.dir/build.make:97: recipe for target 'cmTC_b99dd' failed
make[1]: *** [cmTC_b99dd] Error 1
make[1]: Leaving directory '/home/ubuntu/catkin_ws/build/CMakeFiles/CMakeTmp'
Makefile:126: recipe for target 'cmTC_b99dd/fast' failed
make: *** [cmTC_b99dd/fast] Error 2

File /home/ubuntu/catkin_ws/build/CMakeFiles/CMakeTmp/CheckSymbolExists.c:
/* */
#include <pthread.h>

int main(int argc, char** argv)
{
  (void)argv;
#ifndef pthread_create
  return ((int*)(&pthread_create))[argc];
#else
  (void)argc;
  return 0;
#endif
}

Determining if the function pthread_create exists in the pthreads failed with the following output:
Change Dir: /home/ubuntu/catkin_ws/build/CMakeFiles/CMakeTmp

Run Build Command:"/usr/bin/make" "cmTC_cd58b/fast"
/usr/bin/make -f CMakeFiles/cmTC_cd58b.dir/build.make CMakeFiles/cmTC_cd58b.dir/build
make[1]: Entering directory '/home/ubuntu/catkin_ws/build/CMakeFiles/CMakeTmp'
Building C object CMakeFiles/cmTC_cd58b.dir/CheckFunctionExists.c.o
/usr/bin/cc   -DCHECK_FUNCTION_EXISTS=pthread_create   -o CMakeFiles/cmTC_cd58b.dir/CheckFunctionExists.c.o   -c /usr/share/cmake-3.10/Modules/CheckFunctionExists.c
Linking C executable cmTC_cd58b
/usr/bin/cmake -E cmake_link_script CMakeFiles/cmTC_cd58b.dir/link.txt --verbose=1
/usr/bin/cc  -DCHECK_FUNCTION_EXISTS=pthread_create    -rdynamic CMakeFiles/cmTC_cd58b.dir/CheckFunctionExists.c.o  -o cmTC_cd58b -lpthreads 
/usr/bin/ld: cannot find -lpthreads
collect2: error: ld returned 1 exit status
CMakeFiles/cmTC_cd58b.dir/build.make:97: recipe for target 'cmTC_cd58b' failed
make[1]: *** [cmTC_cd58b] Error 1
make[1]: Leaving directory '/home/ubuntu/catkin_ws/build/CMakeFiles/CMakeTmp'
Makefile:126: recipe for target 'cmTC_cd58b/fast' failed
make: *** [cmTC_cd58b/fast] Error 2


